<?xml version="1.0" encoding="utf-8"?><testsuites name="pytest tests"><testsuite name="pytest" errors="0" failures="0" skipped="0" tests="27" time="4.273" timestamp="2026-08-27T07:35:00.028302+00:00" hostname="agent-env-19d14db4-f716-4c35-aeb3-26494e570e37"><testcase classname="tests.backend_test.TestSignals" name="test_signals_requires_auth" time="0.119" /><testcase classname="tests.backend_test.TestAuth" name="test_register_returns_token_and_user" time="0.650" /><testcase classname="tests.backend_test.TestAuth" name="test_duplicate_register_409" time="0.075" /><testcase classname="tests.backend_test.TestAuth" name="test_register_short_password_422" time="0.040" /><testcase classname="tests.backend_test.TestAuth" name="test_login_wrong_password_401" time="0.255" /><testcase classname="tests.backend_test.TestSignals" name="test_list_sorted_and_shaped" time="0.908" /><testcase classname="tests.backend_test.TestAuth" name="test_login_unknown_email_401" time="0.077" /><testcase classname="tests.backend_test.TestSignals" name="test_category_filter" time="0.366" /><testcase classname="tests.backend_test.TestAuth" name="test_login_success" time="0.296" /><testcase classname="tests.backend_test.TestSignals" name="test_get_signal_detail_and_404" time="0.193" /><testcase classname="tests.backend_test.TestAuth" name="test_me_with_token" time="0.100" /><testcase classname="tests.backend_test.TestAuth" name="test_me_without_token_401" time="0.110" /><testcase classname="tests.backend_test.TestSignals" name="test_resolve_removes_from_open_list" time="0.266" /><testcase classname="tests.backend_test.TestAuth" name="test_me_bad_token_401" time="0.082" /><testcase classname="tests.backend_test.TestAuth" name="test_invite_adds_pending_email" time="0.162" /><testcase classname="tests.backend_test.TestAuth" name="test_bcrypt_hash_format" time="0.898" /><testcase classname="tests.backend_test.TestSignals" name="test_dismiss_status" time="0.233" /><testcase classname="tests.backend_test.TestSignals" name="test_invalid_status_400" time="0.114" /><testcase classname="tests.backend_test.TestSignals" name="test_status_on_unknown_signal_404" time="0.034" /><testcase classname="tests.backend_test.TestOverview" name="test_overview_requires_auth" time="0.072" /><testcase classname="tests.backend_test.TestOverview" name="test_overview_structure" time="0.464" /><testcase classname="tests.backend_test.TestWorkspaceSetup" name="test_workspace_me_requires_auth" time="0.072" /><testcase classname="tests.backend_test.TestHealth" name="test_health" time="0.127" /><testcase classname="tests.backend_test.TestDemoAccount" name="test_demo_login_and_data" time="0.628" /><testcase classname="tests.backend_test.TestWorkspaceSetup" name="test_setup_seeds_demo_dataset" time="0.699" /><testcase classname="tests.backend_test.TestWorkspaceSetup" name="test_setup_validation_missing_industry_422" time="0.069" /><testcase classname="tests.backend_test.TestWorkspaceSetup" name="test_reseed_is_idempotent" time="0.257" /></testsuite></testsuites>