<?xml version="1.0" encoding="utf-8"?><testsuites name="pytest tests"><testsuite name="pytest" errors="0" failures="0" skipped="0" tests="2" time="17.792" timestamp="2026-08-27T08:57:22.490603+00:00" hostname="agent-env-19d14db4-f716-4c35-aeb3-26494e570e37"><testcase classname="tests.test_currency_grounding.TestSignalEnrichCurrency" name="test_fallback_explanations_use_rupee" time="2.786" /><testcase classname="tests.test_currency_grounding.TestSignalEnrichCurrency" name="test_enriched_explanations_use_rupee" time="14.637" /></testsuite></testsuites>