<?xml version="1.0" encoding="utf-8"?><testsuites name="pytest tests"><testsuite name="pytest" errors="0" failures="3" skipped="0" tests="15" time="35.246" timestamp="2026-08-27T09:12:28.880675+00:00" hostname="agent-env-19d14db4-f716-4c35-aeb3-26494e570e37"><testcase classname="tests.test_grounding_kpi_only.TestResolvedSignalDrivesRecoveredKPI" name="test_overview_recovered_equals_resolved_impact" time="0.928"><failure message="AssertionError: compute_kpis() only sums category=='revenue_recovery'; the duplicate-payment signal is category=='profit_leak' so recovering cash never moves the KPI -&gt; {'slug': 'recovered', 'label': 'Revenue Recovered', 'value_display': '₹0', 'amount_type': 'measured', 'hint': 'no prior recovery in this dataset'}&#10;assert '₹0' in ('₹46,000', '₹46.0K')">E   AssertionError: compute_kpis() only sums category=='revenue_recovery'; the duplicate-payment signal is category=='profit_leak' so recovering cash never moves the KPI -&gt; {'slug': 'recovered', 'label': 'Revenue Recovered', 'value_display': '₹0', 'amount_type': 'measured', 'hint': 'no prior recovery in this dataset'}
    assert '₹0' in ('₹46,000', '₹46.0K')</failure></testcase><testcase classname="tests.test_grounding_kpi_only.TestResolvedSignalDrivesRecoveredKPI" name="test_executive_recovered_amount_is_46000" time="0.042"><failure message="AssertionError: {'revenue_recovered_display': '₹0', 'revenue_recovered_amount': 0, 'open_pipeline_display': '₹1.13M', 'open_pipeline_amount': 1127500.0, ...}&#10;assert 0 == 46000.0">E   AssertionError: {'revenue_recovered_display': '₹0', 'revenue_recovered_amount': 0, 'open_pipeline_display': '₹1.13M', 'open_pipeline_amount': 1127500.0, ...}
    assert 0 == 46000.0</failure></testcase><testcase classname="tests.test_grounding_kpi_only.TestResolvedSignalDrivesRecoveredKPI" name="test_trend_recovered_reflects_resolution" time="0.032"><failure message="AssertionError: trend buckets exclude the current month (cursor arithmetic uses 31/32-day steps), so a just-resolved signal never appears: [{'m': 'Dec', 'recovered': 0.0, 'potential': 0.0}, {'m': 'Jan', 'recovered': 0.0, 'potential': 0.0}, {'m': 'Feb', 'recovered': 0.0, 'potential': 0.0}, {'m': 'Mar', 'recovered': 0.0, 'potential': 0.0}, {'m': 'Apr', 'recovered': 0.0, 'potential': 0.0}, {'m': 'May', 'recovered': 0.0, 'potential': 366.7}, {'m': 'Jun', 'recovered': 0.0, 'potential': 1100.0}, {'m': 'Jul', 'recovered': 0.0, 'potential': 2200.0}]&#10;assert False&#10; +  where False = any(&lt;generator object TestResolvedSignalDrivesRecoveredKPI.test_trend_recovered_reflects_resolution.&lt;locals&gt;.&lt;genexpr&gt; at 0xfd795840ac20&gt;)">E   AssertionError: trend buckets exclude the current month (cursor arithmetic uses 31/32-day steps), so a just-resolved signal never appears: [{'m': 'Dec', 'recovered': 0.0, 'potential': 0.0}, {'m': 'Jan', 'recovered': 0.0, 'potential': 0.0}, {'m': 'Feb', 'recovered': 0.0, 'potential': 0.0}, {'m': 'Mar', 'recovered': 0.0, 'potential': 0.0}, {'m': 'Apr', 'recovered': 0.0, 'potential': 0.0}, {'m': 'May', 'recovered': 0.0, 'potential': 366.7}, {'m': 'Jun', 'recovered': 0.0, 'potential': 1100.0}, {'m': 'Jul', 'recovered': 0.0, 'potential': 2200.0}]
    assert False
     +  where False = any(&lt;generator object TestResolvedSignalDrivesRecoveredKPI.test_trend_recovered_reflects_resolution.&lt;locals&gt;.&lt;genexpr&gt; at 0xfd795840ac20&gt;)</failure></testcase><testcase classname="tests.test_grounding_kpi_only.TestResolvedSignalDrivesRecoveredKPI" name="test_revenue_recovery_category_resolution_moves_kpi" time="0.216" /><testcase classname="tests.test_grounding_kpi_only.TestUnresolvedWorkspaceShowsZeroRecovered" name="test_overview_recovered_is_zero_with_hint" time="1.122" /><testcase classname="tests.test_grounding_kpi_only.TestUnresolvedWorkspaceShowsZeroRecovered" name="test_executive_report_zero_recovered_positive_pipeline" time="0.053" /><testcase classname="tests.test_grounding_kpi_only.TestUnresolvedWorkspaceShowsZeroRecovered" name="test_signals_potential_duplicates_in_rupees" time="0.043" /><testcase classname="tests.test_grounding_kpi_only.TestUnresolvedWorkspaceShowsZeroRecovered" name="test_ai_prior_recovery_before_resolve_states_none" time="10.024" /><testcase classname="tests.test_grounding_kpi_only.TestResolvedSignalDrivesRecoveredKPI" name="test_ai_acknowledges_resolved_recovery" time="5.934" /><testcase classname="tests.test_grounding_kpi_only.TestResolvedSignalDrivesRecoveredKPI" name="test_ai_never_leaks_internal_field_names" time="24.659" /><testcase classname="tests.test_grounding_kpi_only.TestUnresolvedWorkspaceShowsZeroRecovered" name="test_ai_largest_finding_currency_and_grounding" time="8.422" /><testcase classname="tests.test_grounding_kpi_only.TestDemoUSDRegression" name="test_demo_overview_usd_and_zero_recovered" time="0.423" /><testcase classname="tests.test_grounding_kpi_only.TestDemoUSDRegression" name="test_core_endpoints_still_200" time="0.131" /><testcase classname="tests.test_grounding_kpi_only.TestDemoUSDRegression" name="test_assign_status_enrich_and_revert" time="0.347" /><testcase classname="tests.test_grounding_kpi_only.TestDemoUSDRegression" name="test_stream_sse_open_and_done" time="14.342" /></testsuite></testsuites>