<?xml version="1.0" encoding="utf-8"?><testsuites name="pytest tests"><testsuite name="pytest" errors="0" failures="0" skipped="0" tests="8" time="1.770" timestamp="2026-08-27T08:54:26.858960+00:00" hostname="agent-env-19d14db4-f716-4c35-aeb3-26494e570e37"><testcase classname="tests.test_currency_grounding.TestUSDRegression" name="test_demo_overview_still_usd" time="0.846" /><testcase classname="tests.test_currency_grounding.TestUSDRegression" name="test_demo_signals_and_report_usd" time="0.194" /><testcase classname="tests.test_currency_grounding.TestUSDRegression" name="test_core_endpoints_still_200" time="0.197" /><testcase classname="tests.test_currency_grounding.TestINRCurrencyFlow" name="test_csv_import_returns_inr" time="1.104" /><testcase classname="tests.test_currency_grounding.TestINRCurrencyFlow" name="test_overview_uses_rupee" time="0.031" /><testcase classname="tests.test_currency_grounding.TestINRCurrencyFlow" name="test_signals_use_rupee_and_potential_wording" time="0.032" /><testcase classname="tests.test_currency_grounding.TestINRCurrencyFlow" name="test_executive_report_uses_rupee" time="0.032" /><testcase classname="tests.test_currency_grounding.TestUSDRegression" name="test_assign_and_status_endpoints" time="0.212" /></testsuite></testsuites>