<?xml version="1.0" encoding="utf-8"?><testsuites name="pytest tests"><testsuite name="pytest" errors="0" failures="0" skipped="1" tests="13" time="2.303" timestamp="2026-08-27T08:03:08.885792+00:00" hostname="agent-env-19d14db4-f716-4c35-aeb3-26494e570e37"><testcase classname="tests.test_stage3.TestExecutiveReport" name="test_executive_report_shape" time="0.831" /><testcase classname="tests.test_stage3.TestExecutiveReport" name="test_executive_report_pipeline_matches_categories" time="0.036" /><testcase classname="tests.test_stage3.TestSignalsAssignment" name="test_members_endpoint" time="0.918" /><testcase classname="tests.test_stage3.TestExecutiveReport" name="test_executive_report_requires_auth" time="0.099" /><testcase classname="tests.test_stage3.TestSignalsAssignment" name="test_members_includes_invited" time="0.042"><skipped type="pytest.skip" message="invite endpoint returned 404: {&quot;detail&quot;:&quot;Not Found&quot;}">/app/backend/tests/test_stage3.py:33: invite endpoint returned 404: {"detail":"Not Found"}</skipped></testcase><testcase classname="tests.test_stage3.TestSignalsAssignment" name="test_list_carries_owner_due_sla_fields" time="0.038" /><testcase classname="tests.test_stage3.TestAskStream" name="test_stream_rejects_bad_token" time="0.106" /><testcase classname="tests.test_stage3.TestSignalsAssignment" name="test_assign_auto_due_date_from_urgency" time="0.231" /><testcase classname="tests.test_stage3.TestAskStream" name="test_stream_requires_token" time="0.141" /><testcase classname="tests.test_stage3.TestSignalsAssignment" name="test_assign_explicit_due_date_honored" time="0.127" /><testcase classname="tests.test_stage3.TestSignalsAssignment" name="test_unassign_clears_and_reopens" time="0.285" /><testcase classname="tests.test_stage3.TestSignalsAssignment" name="test_assign_404_unknown_signal" time="0.042" /><testcase classname="tests.test_stage3.TestSignalsAssignment" name="test_filter_status_and_owner" time="0.257" /></testsuite></testsuites>