<?xml version="1.0" encoding="utf-8"?><testsuites name="pytest tests"><testsuite name="pytest" errors="0" failures="0" skipped="0" tests="16" time="26.631" timestamp="2026-08-27T08:58:47.755970+00:00" hostname="agent-env-19d14db4-f716-4c35-aeb3-26494e570e37"><testcase classname="tests.test_currency_grounding.TestUSDRegression" name="test_demo_overview_still_usd" time="0.550" /><testcase classname="tests.test_currency_grounding.TestUSDRegression" name="test_demo_signals_and_report_usd" time="0.185" /><testcase classname="tests.test_currency_grounding.TestUSDRegression" name="test_core_endpoints_still_200" time="0.218" /><testcase classname="tests.test_currency_grounding.TestINRCurrencyFlow" name="test_csv_import_returns_inr" time="0.859" /><testcase classname="tests.test_currency_grounding.TestINRCurrencyFlow" name="test_overview_uses_rupee" time="0.040" /><testcase classname="tests.test_currency_grounding.TestINRCurrencyFlow" name="test_signals_use_rupee_and_potential_wording" time="0.034" /><testcase classname="tests.test_currency_grounding.TestINRCurrencyFlow" name="test_executive_report_uses_rupee" time="0.036" /><testcase classname="tests.test_currency_grounding.TestUSDRegression" name="test_assign_and_status_endpoints" time="0.418" /><testcase classname="tests.test_currency_grounding.TestCurrencyEdgeCases" name="test_csv_without_currency_column_falls_back_to_usd" time="0.769" /><testcase classname="tests.test_currency_grounding.TestCurrencyEdgeCases" name="test_mixed_csv_uses_dominant_currency" time="0.577" /><testcase classname="tests.test_currency_grounding.TestAIGrounding" name="test_ask_largest_finding_currency_and_grounding" time="8.754" /><testcase classname="tests.test_currency_grounding.TestCurrencyEdgeCases" name="test_onboarding_currency_respected_for_demo_data" time="0.564" /><testcase classname="tests.test_currency_grounding.TestSignalEnrichCurrency" name="test_fallback_explanations_use_rupee" time="0.513" /><testcase classname="tests.test_currency_grounding.TestSignalEnrichCurrency" name="test_enriched_explanations_use_rupee" time="10.028" /><testcase classname="tests.test_currency_grounding.TestAIGrounding" name="test_ask_prior_recovery_not_fabricated" time="6.539" /><testcase classname="tests.test_currency_grounding.TestAIGrounding" name="test_ask_stream_currency_and_grounding" time="9.629" /></testsuite></testsuites>