<?xml version="1.0" encoding="utf-8"?><testsuites name="pytest tests"><testsuite name="pytest" errors="0" failures="2" skipped="0" tests="31" time="57.976" timestamp="2026-08-27T09:20:00.799634+00:00" hostname="agent-env-19d14db4-f716-4c35-aeb3-26494e570e37"><testcase classname="tests.test_grounding_kpi_only.TestUnresolvedWorkspaceShowsZeroRecovered" name="test_overview_recovered_is_zero_with_hint" time="1.008" /><testcase classname="tests.test_grounding_kpi_only.TestUnresolvedWorkspaceShowsZeroRecovered" name="test_executive_report_zero_recovered_positive_pipeline" time="0.057" /><testcase classname="tests.test_grounding_kpi_only.TestResolvedSignalDrivesRecoveredKPI" name="test_overview_recovered_equals_resolved_impact" time="1.063" /><testcase classname="tests.test_grounding_kpi_only.TestResolvedSignalDrivesRecoveredKPI" name="test_executive_recovered_amount_is_46000" time="0.048" /><testcase classname="tests.test_grounding_kpi_only.TestUnresolvedWorkspaceShowsZeroRecovered" name="test_signals_potential_duplicates_in_rupees" time="0.061" /><testcase classname="tests.test_grounding_kpi_only.TestResolvedSignalDrivesRecoveredKPI" name="test_trend_recovered_reflects_resolution" time="0.050" /><testcase classname="tests.test_grounding_kpi_only.TestUnresolvedWorkspaceShowsZeroRecovered" name="test_ai_prior_recovery_before_resolve_states_none" time="7.727" /><testcase classname="tests.test_grounding_kpi_only.TestResolvedSignalDrivesRecoveredKPI" name="test_revenue_recovery_category_resolution_moves_kpi" time="0.098"><failure message="AssertionError: ({'revenue_recovered_display': '₹1.15M', 'revenue_recovered_amount': 1146000.0, 'open_pipeline_display': '₹27.5K', 'open_pipeline_amount': 27500.0, ...}, 1100000.0)&#10;assert 1146000.0 == 1100000.0&#10; +  where 1100000.0 = float(1100000.0)">tests/test_grounding_kpi_only.py:209: in test_revenue_recovery_category_resolution_moves_kpi
    assert d["headline"]["revenue_recovered_amount"] == float(target["impact_amount"]), (
E   AssertionError: ({'revenue_recovered_display': '₹1.15M', 'revenue_recovered_amount': 1146000.0, 'open_pipeline_display': '₹27.5K', 'open_pipeline_amount': 27500.0, ...}, 1100000.0)
E   assert 1146000.0 == 1100000.0
E    +  where 1100000.0 = float(1100000.0)</failure></testcase><testcase classname="tests.test_grounding_kpi_only.TestResolvedSignalDrivesRecoveredKPI" name="test_ai_acknowledges_resolved_recovery" time="7.278"><failure message="AssertionError: Based on the current dataset, this business has previously recovered ₹1,100,000 across 2 resolved cases.&#10;  &#10;  The two resolved signals driving this figure are the potential duplicate payment involving Cloud Vendor [rec:csv_6a55fec5aa] [rec:csv_15d936a28d], and the unbilled services case involving Nova Media [rec:csv_e47ec5697f] [rec:csv_a2291de04a] [rec:csv_255ad2633c]. Both signals are marked as resolved in the imported records.&#10;  &#10;  The Nova Media unbilled services finding accounts for the bulk of the recovered amount at ₹1,100,000, with the Cloud Vendor duplicate payment case contributing the remainder. Note that these figures reflect resolved case impacts as recorded in the dataset — the underlying resolution mechanics (e.g. actual cash receipt dates or collection methods) are not available in the current dataset.&#10;  &#10;  One profit leak remains open — a high-confidence potential duplicate payment to Ad Network India [rec:csv_199389c3c8] [rec:csv_0672c9b534] with a recoverable exposure of ₹27,500 — which is not included in the prior recovery figure above.&#10;assert ('46,000' in 'Based on the current dataset, this business has previously recovered ₹1,100,000 across 2 resolved cases.\n\nThe two resolved signals driving this figure are the potential duplicate payment involving Cloud Vendor [rec:csv_6a55fec5aa] [rec:csv_15d936a28d], and the unbilled services case involving Nova Media [rec:csv_e47ec5697f] [rec:csv_a2291de04a] [rec:csv_255ad2633c]. Both signals are marked as resolved in the imported records.\n\nThe Nova Media unbilled services finding accounts for the bulk of the recovered amount at ₹1,100,000, with the Cloud Vendor duplicate payment case contributing the remainder. Note that these figures reflect resolved case impacts as recorded in the dataset — the underlying resolution mechanics (e.g. actual cash receipt dates or collection methods) are not available in the current dataset.\n\nOne profit leak remains open — a high-confidence potential duplicate payment to Ad Network India [rec:csv_199389c3c8] [rec:csv_0672c9b534] with a recoverable exposure of ₹27,500 — which is not included in the prior recovery figure above.' or '46000' in 'Based on the current dataset, this business has previously recovered ₹1,100,000 across 2 resolved cases.\n\nThe two resolved signals driving this figure are the potential duplicate payment involving Cloud Vendor [rec:csv_6a55fec5aa] [rec:csv_15d936a28d], and the unbilled services case involving Nova Media [rec:csv_e47ec5697f] [rec:csv_a2291de04a] [rec:csv_255ad2633c]. Both signals are marked as resolved in the imported records.\n\nThe Nova Media unbilled services finding accounts for the bulk of the recovered amount at ₹1,100,000, with the Cloud Vendor duplicate payment case contributing the remainder. Note that these figures reflect resolved case impacts as recorded in the dataset — the underlying resolution mechanics (e.g. actual cash receipt dates or collection methods) are not available in the current dataset.\n\nOne profit leak remains open — a high-confidence potential duplicate payment to Ad Network India [rec:csv_199389c3c8] [rec:csv_0672c9b534] with a recoverable exposure of ₹27,500 — which is not included in the prior recovery figure above.' or '46.0' in 'Based on the current dataset, this business has previously recovered ₹1,100,000 across 2 resolved cases.\n\nThe two resolved signals driving this figure are the potential duplicate payment involving Cloud Vendor [rec:csv_6a55fec5aa] [rec:csv_15d936a28d], and the unbilled services case involving Nova Media [rec:csv_e47ec5697f] [rec:csv_a2291de04a] [rec:csv_255ad2633c]. Both signals are marked as resolved in the imported records.\n\nThe Nova Media unbilled services finding accounts for the bulk of the recovered amount at ₹1,100,000, with the Cloud Vendor duplicate payment case contributing the remainder. Note that these figures reflect resolved case impacts as recorded in the dataset — the underlying resolution mechanics (e.g. actual cash receipt dates or collection methods) are not available in the current dataset.\n\nOne profit leak remains open — a high-confidence potential duplicate payment to Ad Network India [rec:csv_199389c3c8] [rec:csv_0672c9b534] with a recoverable exposure of ₹27,500 — which is not included in the prior recovery figure above.')">tests/test_grounding_kpi_only.py:226: in test_ai_acknowledges_resolved_recovery
    assert "46,000" in answer or "46000" in answer or "46.0" in answer, answer
E   AssertionError: Based on the current dataset, this business has previously recovered ₹1,100,000 across 2 resolved cases.
E     
E     The two resolved signals driving this figure are the potential duplicate payment involving Cloud Vendor [rec:csv_6a55fec5aa] [rec:csv_15d936a28d], and the unbilled services case involving Nova Media [rec:csv_e47ec5697f] [rec:csv_a2291de04a] [rec:csv_255ad2633c]. Both signals are marked as resolved in the imported records.
E     
E     The Nova Media unbilled services finding accounts for the bulk of the recovered amount at ₹1,100,000, with the Cloud Vendor duplicate payment case contributing the remainder. Note that these figures reflect resolved case impacts as recorded in the dataset — the underlying resolution mechanics (e.g. actual cash receipt dates or collection methods) are not available in the current dataset.
E     
E     One profit leak remains open — a high-confidence potential duplicate payment to Ad Network India [rec:csv_199389c3c8] [rec:csv_0672c9b534] with a recoverable exposure of ₹27,500 — which is not included in the prior recovery figure above.
E   assert ('46,000' in 'Based on the current dataset, this business has previously recovered ₹1,100,000 across 2 resolved cases.\n\nThe two resolved signals driving this figure are the potential duplicate payment involving Cloud Vendor [rec:csv_6a55fec5aa] [rec:csv_15d936a28d], and the unbilled services case involving Nova Media [rec:csv_e47ec5697f] [rec:csv_a2291de04a] [rec:csv_255ad2633c]. Both signals are marked as resolved in the imported records.\n\nThe Nova Media unbilled services finding accounts for the bulk of the recovered amount at ₹1,100,000, with the Cloud Vendor duplicate payment case contributing the remainder. Note that these figures reflect resolved case impacts as recorded in the dataset — the underlying resolution mechanics (e.g. actual cash receipt dates or collection methods) are not available in the current dataset.\n\nOne profit leak remains open — a high-confidence potential duplicate payment to Ad Network India [rec:csv_199389c3c8] [rec:csv_0672c9b534] with a recoverable exposure of ₹27,500 — which is not included in the prior recovery figure above.' or '46000' in 'Based on the current dataset, this business has previously recovered ₹1,100,000 across 2 resolved cases.\n\nThe two resolved signals driving this figure are the potential duplicate payment involving Cloud Vendor [rec:csv_6a55fec5aa] [rec:csv_15d936a28d], and the unbilled services case involving Nova Media [rec:csv_e47ec5697f] [rec:csv_a2291de04a] [rec:csv_255ad2633c]. Both signals are marked as resolved in the imported records.\n\nThe Nova Media unbilled services finding accounts for the bulk of the recovered amount at ₹1,100,000, with the Cloud Vendor duplicate payment case contributing the remainder. Note that these figures reflect resolved case impacts as recorded in the dataset — the underlying resolution mechanics (e.g. actual cash receipt dates or collection methods) are not available in the current dataset.\n\nOne profit leak remains open — a high-confidence potential duplicate payment to Ad Network India [rec:csv_199389c3c8] [rec:csv_0672c9b534] with a recoverable exposure of ₹27,500 — which is not included in the prior recovery figure above.' or '46.0' in 'Based on the current dataset, this business has previously recovered ₹1,100,000 across 2 resolved cases.\n\nThe two resolved signals driving this figure are the potential duplicate payment involving Cloud Vendor [rec:csv_6a55fec5aa] [rec:csv_15d936a28d], and the unbilled services case involving Nova Media [rec:csv_e47ec5697f] [rec:csv_a2291de04a] [rec:csv_255ad2633c]. Both signals are marked as resolved in the imported records.\n\nThe Nova Media unbilled services finding accounts for the bulk of the recovered amount at ₹1,100,000, with the Cloud Vendor duplicate payment case contributing the remainder. Note that these figures reflect resolved case impacts as recorded in the dataset — the underlying resolution mechanics (e.g. actual cash receipt dates or collection methods) are not available in the current dataset.\n\nOne profit leak remains open — a high-confidence potential duplicate payment to Ad Network India [rec:csv_199389c3c8] [rec:csv_0672c9b534] with a recoverable exposure of ₹27,500 — which is not included in the prior recovery figure above.')</failure></testcase><testcase classname="tests.test_grounding_kpi_only.TestResolvedSignalDrivesRecoveredKPI" name="test_ai_never_leaks_internal_field_names" time="30.748" /><testcase classname="tests.test_grounding_kpi_only.TestUnresolvedWorkspaceShowsZeroRecovered" name="test_ai_largest_finding_currency_and_grounding" time="8.989" /><testcase classname="tests.test_grounding_kpi_only.TestDemoUSDRegression" name="test_demo_overview_usd_and_zero_recovered" time="0.432" /><testcase classname="tests.test_grounding_kpi_only.TestDemoUSDRegression" name="test_core_endpoints_still_200" time="0.202" /><testcase classname="tests.test_grounding_kpi_only.TestDemoUSDRegression" name="test_assign_status_enrich_and_revert" time="0.296" /><testcase classname="tests.test_grounding_kpi_only.TestDemoUSDRegression" name="test_stream_sse_open_and_done" time="12.693" /><testcase classname="tests.test_currency_grounding.TestUSDRegression" name="test_demo_overview_still_usd" time="0.462" /><testcase classname="tests.test_currency_grounding.TestUSDRegression" name="test_demo_signals_and_report_usd" time="0.077" /><testcase classname="tests.test_currency_grounding.TestUSDRegression" name="test_core_endpoints_still_200" time="0.204" /><testcase classname="tests.test_currency_grounding.TestUSDRegression" name="test_assign_and_status_endpoints" time="0.397" /><testcase classname="tests.test_currency_grounding.TestAIGrounding" name="test_ask_largest_finding_currency_and_grounding" time="9.392" /><testcase classname="tests.test_currency_grounding.TestINRCurrencyFlow" name="test_csv_import_returns_inr" time="0.518" /><testcase classname="tests.test_currency_grounding.TestINRCurrencyFlow" name="test_overview_uses_rupee" time="0.035" /><testcase classname="tests.test_currency_grounding.TestINRCurrencyFlow" name="test_signals_use_rupee_and_potential_wording" time="0.036" /><testcase classname="tests.test_currency_grounding.TestINRCurrencyFlow" name="test_executive_report_uses_rupee" time="0.038" /><testcase classname="tests.test_currency_grounding.TestCurrencyEdgeCases" name="test_csv_without_currency_column_falls_back_to_usd" time="1.619" /><testcase classname="tests.test_currency_grounding.TestCurrencyEdgeCases" name="test_mixed_csv_uses_dominant_currency" time="0.550" /><testcase classname="tests.test_currency_grounding.TestAIGrounding" name="test_ask_prior_recovery_not_fabricated" time="7.562" /><testcase classname="tests.test_currency_grounding.TestCurrencyEdgeCases" name="test_onboarding_currency_respected_for_demo_data" time="0.431" /><testcase classname="tests.test_currency_grounding.TestSignalEnrichCurrency" name="test_fallback_explanations_use_rupee" time="0.589" /><testcase classname="tests.test_currency_grounding.TestSignalEnrichCurrency" name="test_enriched_explanations_use_rupee" time="11.055" /><testcase classname="tests.test_currency_grounding.TestAIGrounding" name="test_ask_stream_currency_and_grounding" time="8.071" /></testsuite></testsuites>