<?xml version="1.0" encoding="utf-8"?><testsuites name="pytest tests"><testsuite name="pytest" errors="0" failures="0" skipped="0" tests="14" time="27.225" timestamp="2026-08-27T08:56:16.350953+00:00" hostname="agent-env-19d14db4-f716-4c35-aeb3-26494e570e37"><testcase classname="tests.test_currency_grounding.TestUSDRegression" name="test_demo_overview_still_usd" time="2.502" /><testcase classname="tests.test_currency_grounding.TestUSDRegression" name="test_demo_signals_and_report_usd" time="0.088" /><testcase classname="tests.test_currency_grounding.TestINRCurrencyFlow" name="test_csv_import_returns_inr" time="2.576" /><testcase classname="tests.test_currency_grounding.TestINRCurrencyFlow" name="test_overview_uses_rupee" time="0.040" /><testcase classname="tests.test_currency_grounding.TestUSDRegression" name="test_core_endpoints_still_200" time="0.185" /><testcase classname="tests.test_currency_grounding.TestINRCurrencyFlow" name="test_signals_use_rupee_and_potential_wording" time="0.062" /><testcase classname="tests.test_currency_grounding.TestINRCurrencyFlow" name="test_executive_report_uses_rupee" time="0.033" /><testcase classname="tests.test_currency_grounding.TestCurrencyEdgeCases" name="test_csv_without_currency_column_falls_back_to_usd" time="0.605" /><testcase classname="tests.test_currency_grounding.TestUSDRegression" name="test_assign_and_status_endpoints" time="0.478" /><testcase classname="tests.test_currency_grounding.TestCurrencyEdgeCases" name="test_mixed_csv_uses_dominant_currency" time="0.909" /><testcase classname="tests.test_currency_grounding.TestAIGrounding" name="test_ask_largest_finding_currency_and_grounding" time="8.319" /><testcase classname="tests.test_currency_grounding.TestCurrencyEdgeCases" name="test_onboarding_currency_respected_for_demo_data" time="4.308" /><testcase classname="tests.test_currency_grounding.TestAIGrounding" name="test_ask_prior_recovery_not_fabricated" time="7.295" /><testcase classname="tests.test_currency_grounding.TestAIGrounding" name="test_ask_stream_currency_and_grounding" time="7.874" /></testsuite></testsuites>