<?xml version="1.0" encoding="utf-8"?><testsuites name="pytest tests"><testsuite name="pytest" errors="0" failures="0" skipped="0" tests="13" time="42.449" timestamp="2026-08-27T09:19:07.127590+00:00" hostname="agent-env-19d14db4-f716-4c35-aeb3-26494e570e37"><testcase classname="tests.test_iter6_recovery_scrub.TestUSDDemoRegression" name="test_demo_overview_usd_zero_recovered" time="0.740" /><testcase classname="tests.test_iter6_recovery_scrub.TestUSDDemoRegression" name="test_core_endpoints_200" time="0.233" /><testcase classname="tests.test_iter6_recovery_scrub.TestUSDDemoRegression" name="test_signal_fields_and_assign_status_revert" time="0.252" /><testcase classname="tests.test_iter6_recovery_scrub.TestScenarioADuplicateResolutionMovesKPI" name="test_overview_recovered_is_46000_rupees" time="1.052" /><testcase classname="tests.test_iter6_recovery_scrub.TestScenarioADuplicateResolutionMovesKPI" name="test_executive_revenue_recovered_amount" time="0.045" /><testcase classname="tests.test_iter6_recovery_scrub.TestScenarioADuplicateResolutionMovesKPI" name="test_trend_current_month_bucket_has_recovery" time="0.043" /><testcase classname="tests.test_iter6_recovery_scrub.TestScenarioADuplicateResolutionMovesKPI" name="test_no_usd_symbol_anywhere" time="0.041" /><testcase classname="tests.test_iter6_recovery_scrub.TestUSDDemoRegression" name="test_duplicate_impact_math_single_excess" time="0.262" /><testcase classname="tests.test_iter6_recovery_scrub.TestScenarioEFCategorySums" name="test_e_revenue_recovery_signal_drives_kpi" time="0.893" /><testcase classname="tests.test_iter6_recovery_scrub.TestScenarioDZeroState" name="test_overview_zero_recovered_with_hint" time="0.544" /><testcase classname="tests.test_iter6_recovery_scrub.TestScenarioDZeroState" name="test_executive_zero_and_trend_all_zero" time="0.037" /><testcase classname="tests.test_iter6_recovery_scrub.TestScenarioEFCategorySums" name="test_f_both_categories_summed" time="0.207" /><testcase classname="tests.test_iter6_recovery_scrub.TestScenarioCScrub" name="test_five_asks_no_internal_terms_and_rupee_only" time="39.841" /></testsuite></testsuites>