<?xml version="1.0" encoding="utf-8"?><testsuites name="pytest tests"><testsuite name="pytest" errors="0" failures="0" skipped="0" tests="4" time="1.458" timestamp="2026-08-27T07:35:13.036411+00:00" hostname="agent-env-19d14db4-f716-4c35-aeb3-26494e570e37"><testcase classname="tests.backend_test.TestImports" name="test_csv_requires_auth" time="0.125" /><testcase classname="tests.backend_test.TestImports" name="test_invalid_csv_400" time="0.405" /><testcase classname="tests.backend_test.TestImports" name="test_non_csv_extension_400" time="0.076" /><testcase classname="tests.backend_test.TestImports" name="test_csv_replaces_dataset" time="0.466" /></testsuite></testsuites>