<?xml version="1.0" encoding="utf-8"?><testsuites name="pytest tests"><testsuite name="pytest" errors="0" failures="0" skipped="0" tests="15" time="40.328" timestamp="2026-08-27T09:21:39.263263+00:00" hostname="agent-env-19d14db4-f716-4c35-aeb3-26494e570e37"><testcase classname="tests.test_grounding_kpi_only.TestUnresolvedWorkspaceShowsZeroRecovered" name="test_overview_recovered_is_zero_with_hint" time="0.994" /><testcase classname="tests.test_grounding_kpi_only.TestUnresolvedWorkspaceShowsZeroRecovered" name="test_executive_report_zero_recovered_positive_pipeline" time="0.035" /><testcase classname="tests.test_grounding_kpi_only.TestUnresolvedWorkspaceShowsZeroRecovered" name="test_signals_potential_duplicates_in_rupees" time="0.034" /><testcase classname="tests.test_grounding_kpi_only.TestUnresolvedWorkspaceShowsZeroRecovered" name="test_ai_prior_recovery_before_resolve_states_none" time="7.133" /><testcase classname="tests.test_grounding_kpi_only.TestResolvedSignalDrivesRecoveredKPI" name="test_overview_recovered_equals_resolved_impact" time="1.204" /><testcase classname="tests.test_grounding_kpi_only.TestResolvedSignalDrivesRecoveredKPI" name="test_executive_recovered_amount_is_46000" time="0.044" /><testcase classname="tests.test_grounding_kpi_only.TestResolvedSignalDrivesRecoveredKPI" name="test_trend_recovered_reflects_resolution" time="0.046" /><testcase classname="tests.test_grounding_kpi_only.TestResolvedSignalDrivesRecoveredKPI" name="test_revenue_recovery_category_resolution_moves_kpi" time="0.186" /><testcase classname="tests.test_grounding_kpi_only.TestResolvedSignalDrivesRecoveredKPI" name="test_ai_acknowledges_resolved_recovery" time="10.396" /><testcase classname="tests.test_grounding_kpi_only.TestUnresolvedWorkspaceShowsZeroRecovered" name="test_ai_largest_finding_currency_and_grounding" time="8.284" /><testcase classname="tests.test_grounding_kpi_only.TestResolvedSignalDrivesRecoveredKPI" name="test_ai_never_leaks_internal_field_names" time="28.091" /><testcase classname="tests.test_grounding_kpi_only.TestDemoUSDRegression" name="test_demo_overview_usd_and_zero_recovered" time="0.415" /><testcase classname="tests.test_grounding_kpi_only.TestDemoUSDRegression" name="test_core_endpoints_still_200" time="0.231" /><testcase classname="tests.test_grounding_kpi_only.TestDemoUSDRegression" name="test_assign_status_enrich_and_revert" time="0.285" /><testcase classname="tests.test_grounding_kpi_only.TestDemoUSDRegression" name="test_stream_sse_open_and_done" time="12.753" /></testsuite></testsuites>