<?xml version="1.0" encoding="utf-8"?><testsuites name="pytest tests"><testsuite name="pytest" errors="0" failures="0" skipped="0" tests="3" time="23.164" timestamp="2026-08-27T08:55:31.283165+00:00" hostname="agent-env-19d14db4-f716-4c35-aeb3-26494e570e37"><testcase classname="tests.test_currency_grounding.TestAIGrounding" name="test_ask_largest_finding_currency_and_grounding" time="8.322" /><testcase classname="tests.test_currency_grounding.TestAIGrounding" name="test_ask_prior_recovery_not_fabricated" time="5.918" /><testcase classname="tests.test_currency_grounding.TestAIGrounding" name="test_ask_stream_currency_and_grounding" time="8.592" /></testsuite></testsuites>