<?xml version="1.0" encoding="utf-8"?><testsuites name="pytest tests"><testsuite name="pytest" errors="0" failures="1" skipped="0" tests="16" time="25.760" timestamp="2026-08-27T09:10:58.815420+00:00" hostname="agent-env-19d14db4-f716-4c35-aeb3-26494e570e37"><testcase classname="tests.test_currency_grounding.TestUSDRegression" name="test_demo_overview_still_usd" time="0.579" /><testcase classname="tests.test_currency_grounding.TestUSDRegression" name="test_demo_signals_and_report_usd" time="0.074" /><testcase classname="tests.test_currency_grounding.TestUSDRegression" name="test_core_endpoints_still_200" time="0.194" /><testcase classname="tests.test_currency_grounding.TestINRCurrencyFlow" name="test_csv_import_returns_inr" time="0.808" /><testcase classname="tests.test_currency_grounding.TestINRCurrencyFlow" name="test_overview_uses_rupee" time="0.040" /><testcase classname="tests.test_currency_grounding.TestUSDRegression" name="test_assign_and_status_endpoints" time="0.435" /><testcase classname="tests.test_currency_grounding.TestINRCurrencyFlow" name="test_signals_use_rupee_and_potential_wording" time="0.035" /><testcase classname="tests.test_currency_grounding.TestINRCurrencyFlow" name="test_executive_report_uses_rupee" time="0.039" /><testcase classname="tests.test_currency_grounding.TestCurrencyEdgeCases" name="test_csv_without_currency_column_falls_back_to_usd" time="0.748" /><testcase classname="tests.test_currency_grounding.TestCurrencyEdgeCases" name="test_mixed_csv_uses_dominant_currency" time="0.645" /><testcase classname="tests.test_currency_grounding.TestAIGrounding" name="test_ask_largest_finding_currency_and_grounding" time="8.819" /><testcase classname="tests.test_currency_grounding.TestCurrencyEdgeCases" name="test_onboarding_currency_respected_for_demo_data" time="0.416" /><testcase classname="tests.test_currency_grounding.TestSignalEnrichCurrency" name="test_fallback_explanations_use_rupee" time="0.528" /><testcase classname="tests.test_currency_grounding.TestSignalEnrichCurrency" name="test_enriched_explanations_use_rupee" time="9.111" /><testcase classname="tests.test_currency_grounding.TestAIGrounding" name="test_ask_prior_recovery_not_fabricated" time="6.861"><failure message="AssertionError: fabricated recovery figure: recovery of ₹1,100,000 in No prior recovery amount is available in the current dataset. The imported records show ₹0 previously recovered, and no resolved signals with a confirmed impact amount exist.&#10;  &#10;  What is visible are open findings requiring action: a high-confidence potential duplicate payment to Cloud Vendor of ₹46,000 [rec:csv_030814e60c] [rec:csv_d33f4f0495], and a similarly high-confidence potential duplicate to Ad Network India of ₹27,500 [rec:csv_5c5264ee26] [rec:csv_0dd8ba16af], with the recoverable excess in each case being one payment's worth. Separately, an unbilled services finding against Nova Media [rec:csv_84b9569664] [rec:csv_bf15a587aa] [rec:csv_0067148cbd] carries a potential recovery of ₹1,100,000.&#10;  &#10;  In total, ₹1,100,000 in potential revenue recovery and ₹73,500 in potential profit leak exposure remain open and unactioned. None of this has been recovered yet.&#10;assert not &lt;re.Match object; span=(681, 703), match='recovery of ₹1,100,000'&gt;">E   AssertionError: fabricated recovery figure: recovery of ₹1,100,000 in No prior recovery amount is available in the current dataset. The imported records show ₹0 previously recovered, and no resolved signals with a confirmed impact amount exist.
      
      What is visible are open findings requiring action: a high-confidence potential duplicate payment to Cloud Vendor of ₹46,000 [rec:csv_030814e60c] [rec:csv_d33f4f0495], and a similarly high-confidence potential duplicate to Ad Network India of ₹27,500 [rec:csv_5c5264ee26] [rec:csv_0dd8ba16af], with the recoverable excess in each case being one payment's worth. Separately, an unbilled services finding against Nova Media [rec:csv_84b9569664] [rec:csv_bf15a587aa] [rec:csv_0067148cbd] carries a potential recovery of ₹1,100,000.
      
      In total, ₹1,100,000 in potential revenue recovery and ₹73,500 in potential profit leak exposure remain open and unactioned. None of this has been recovered yet.
    assert not &lt;re.Match object; span=(681, 703), match='recovery of ₹1,100,000'&gt;</failure></testcase><testcase classname="tests.test_currency_grounding.TestAIGrounding" name="test_ask_stream_currency_and_grounding" time="8.436" /></testsuite></testsuites>